#! /c/Source/iverilog-install/bin/vvp
:ivl_version "12.0 (devel)" "(s20150603-1539-g2693dd32b)";
:ivl_delay_selection "TYPICAL";
:vpi_time_precision + 0;
:vpi_module "C:\iverilog\lib\ivl\system.vpi";
:vpi_module "C:\iverilog\lib\ivl\vhdl_sys.vpi";
:vpi_module "C:\iverilog\lib\ivl\vhdl_textio.vpi";
:vpi_module "C:\iverilog\lib\ivl\v2005_math.vpi";
:vpi_module "C:\iverilog\lib\ivl\va_math.vpi";
S_0000016852702510 .scope module, "fft" "fft" 2 1;
 .timescale 0 0;
    .port_info 0 /INPUT 1 "CLK";
    .port_info 1 /INPUT 1 "RST_N";
    .port_info 2 /INPUT 1 "write";
    .port_info 3 /INPUT 1 "start";
    .port_info 4 /INPUT 16 "in0_real";
    .port_info 5 /INPUT 16 "in0_imag";
    .port_info 6 /INPUT 16 "in1_real";
    .port_info 7 /INPUT 16 "in1_imag";
    .port_info 8 /INPUT 16 "in2_real";
    .port_info 9 /INPUT 16 "in2_imag";
    .port_info 10 /INPUT 16 "in3_real";
    .port_info 11 /INPUT 16 "in3_imag";
    .port_info 12 /INPUT 16 "in4_real";
    .port_info 13 /INPUT 16 "in4_imag";
    .port_info 14 /INPUT 16 "in5_real";
    .port_info 15 /INPUT 16 "in5_imag";
    .port_info 16 /INPUT 16 "in6_real";
    .port_info 17 /INPUT 16 "in6_imag";
    .port_info 18 /INPUT 16 "in7_real";
    .port_info 19 /INPUT 16 "in7_imag";
    .port_info 20 /OUTPUT 1 "ready";
    .port_info 21 /OUTPUT 16 "out0_real";
    .port_info 22 /OUTPUT 16 "out0_imag";
    .port_info 23 /OUTPUT 16 "out1_real";
    .port_info 24 /OUTPUT 16 "out1_imag";
    .port_info 25 /OUTPUT 16 "out2_real";
    .port_info 26 /OUTPUT 16 "out2_imag";
    .port_info 27 /OUTPUT 16 "out3_real";
    .port_info 28 /OUTPUT 16 "out3_imag";
    .port_info 29 /OUTPUT 16 "out4_real";
    .port_info 30 /OUTPUT 16 "out4_imag";
    .port_info 31 /OUTPUT 16 "out5_real";
    .port_info 32 /OUTPUT 16 "out5_imag";
    .port_info 33 /OUTPUT 16 "out6_real";
    .port_info 34 /OUTPUT 16 "out6_imag";
    .port_info 35 /OUTPUT 16 "out7_real";
    .port_info 36 /OUTPUT 16 "out7_imag";
v00000168527c7140_0 .array/port v00000168527c7140, 0;
L_0000016852740a00 .functor BUFZ 16, v00000168527c7140_0, C4<0000000000000000>, C4<0000000000000000>, C4<0000000000000000>;
v00000168527c7320_0 .array/port v00000168527c7320, 0;
L_00000168527401b0 .functor BUFZ 16, v00000168527c7320_0, C4<0000000000000000>, C4<0000000000000000>, C4<0000000000000000>;
v00000168527c7140_1 .array/port v00000168527c7140, 1;
L_000001685273fc70 .functor BUFZ 16, v00000168527c7140_1, C4<0000000000000000>, C4<0000000000000000>, C4<0000000000000000>;
v00000168527c7320_1 .array/port v00000168527c7320, 1;
L_0000016852740840 .functor BUFZ 16, v00000168527c7320_1, C4<0000000000000000>, C4<0000000000000000>, C4<0000000000000000>;
v00000168527c7140_2 .array/port v00000168527c7140, 2;
L_000001685273fce0 .functor BUFZ 16, v00000168527c7140_2, C4<0000000000000000>, C4<0000000000000000>, C4<0000000000000000>;
v00000168527c7320_2 .array/port v00000168527c7320, 2;
L_000001685273fd50 .functor BUFZ 16, v00000168527c7320_2, C4<0000000000000000>, C4<0000000000000000>, C4<0000000000000000>;
v00000168527c7140_3 .array/port v00000168527c7140, 3;
L_0000016852740610 .functor BUFZ 16, v00000168527c7140_3, C4<0000000000000000>, C4<0000000000000000>, C4<0000000000000000>;
v00000168527c7320_3 .array/port v00000168527c7320, 3;
L_00000168527408b0 .functor BUFZ 16, v00000168527c7320_3, C4<0000000000000000>, C4<0000000000000000>, C4<0000000000000000>;
v00000168527c7140_4 .array/port v00000168527c7140, 4;
L_0000016852740220 .functor BUFZ 16, v00000168527c7140_4, C4<0000000000000000>, C4<0000000000000000>, C4<0000000000000000>;
v00000168527c7320_4 .array/port v00000168527c7320, 4;
L_000001685273fdc0 .functor BUFZ 16, v00000168527c7320_4, C4<0000000000000000>, C4<0000000000000000>, C4<0000000000000000>;
v00000168527c7140_5 .array/port v00000168527c7140, 5;
L_000001685273fe30 .functor BUFZ 16, v00000168527c7140_5, C4<0000000000000000>, C4<0000000000000000>, C4<0000000000000000>;
v00000168527c7320_5 .array/port v00000168527c7320, 5;
L_000001685273fea0 .functor BUFZ 16, v00000168527c7320_5, C4<0000000000000000>, C4<0000000000000000>, C4<0000000000000000>;
v00000168527c7140_6 .array/port v00000168527c7140, 6;
L_0000016852740680 .functor BUFZ 16, v00000168527c7140_6, C4<0000000000000000>, C4<0000000000000000>, C4<0000000000000000>;
v00000168527c7320_6 .array/port v00000168527c7320, 6;
L_0000016852740370 .functor BUFZ 16, v00000168527c7320_6, C4<0000000000000000>, C4<0000000000000000>, C4<0000000000000000>;
v00000168527c7140_7 .array/port v00000168527c7140, 7;
L_00000168527403e0 .functor BUFZ 16, v00000168527c7140_7, C4<0000000000000000>, C4<0000000000000000>, C4<0000000000000000>;
v00000168527c7320_7 .array/port v00000168527c7320, 7;
L_0000016852740920 .functor BUFZ 16, v00000168527c7320_7, C4<0000000000000000>, C4<0000000000000000>, C4<0000000000000000>;
o0000016852774c08 .functor BUFZ 1, C4<z>; HiZ drive
v00000168527027d0_0 .net "CLK", 0 0, o0000016852774c08;  0 drivers
o0000016852774c38 .functor BUFZ 1, C4<z>; HiZ drive
v0000016852702870_0 .net "RST_N", 0 0, o0000016852774c38;  0 drivers
v00000168527c6010 .array/s "g_imag", 7 0, 15 0;
v00000168527c60b0 .array/s "g_real", 7 0, 15 0;
v00000168527c6150_0 .var/s "h5_prime_imag", 31 0;
v00000168527c61f0_0 .var/s "h5_prime_imag_16", 15 0;
v00000168527c6290_0 .var/s "h5_prime_real", 31 0;
v00000168527c6330_0 .var/s "h5_prime_real_16", 15 0;
v00000168527c63d0_0 .var/s "h7_prime_imag", 31 0;
v00000168527c6470_0 .var/s "h7_prime_imag_16", 15 0;
v00000168527c6510_0 .var/s "h7_prime_real", 31 0;
v00000168527c65b0_0 .var/s "h7_prime_real_16", 15 0;
v00000168527c6650 .array/s "h_imag", 7 0, 15 0;
v00000168527c66f0 .array/s "h_real", 7 0, 15 0;
v00000168527c6d80_0 .var/s "i0_imag", 15 0;
v00000168527c6ba0_0 .var/s "i0_real", 15 0;
v00000168527c6c40_0 .var/s "i1_imag", 15 0;
v00000168527c76e0_0 .var/s "i1_real", 15 0;
v00000168527c7000_0 .var/s "i2_imag", 15 0;
v00000168527c6880_0 .var/s "i2_real", 15 0;
v00000168527c6b00_0 .var/s "i3_imag", 15 0;
v00000168527c7460_0 .var/s "i3_real", 15 0;
v00000168527c6f60_0 .var/s "i4_imag", 15 0;
v00000168527c6e20_0 .var/s "i4_real", 15 0;
v00000168527c70a0_0 .var/s "i5_imag", 15 0;
v00000168527c7280_0 .var/s "i5_real", 15 0;
v00000168527c69c0_0 .var/s "i6_imag", 15 0;
v00000168527c6ec0_0 .var/s "i6_real", 15 0;
v00000168527c6ce0_0 .var/s "i7_imag", 15 0;
v00000168527c7640_0 .var/s "i7_real", 15 0;
v00000168527c7320 .array/s "i_imag", 7 0, 15 0;
v00000168527c7140 .array/s "i_real", 7 0, 15 0;
o00000168527753e8 .functor BUFZ 16, C4<zzzzzzzzzzzzzzzz>; HiZ drive
v00000168527c67e0_0 .net/s "in0_imag", 15 0, o00000168527753e8;  0 drivers
o0000016852775418 .functor BUFZ 16, C4<zzzzzzzzzzzzzzzz>; HiZ drive
v00000168527c71e0_0 .net/s "in0_real", 15 0, o0000016852775418;  0 drivers
o0000016852775448 .functor BUFZ 16, C4<zzzzzzzzzzzzzzzz>; HiZ drive
v00000168527c73c0_0 .net/s "in1_imag", 15 0, o0000016852775448;  0 drivers
o0000016852775478 .functor BUFZ 16, C4<zzzzzzzzzzzzzzzz>; HiZ drive
v00000168527c7500_0 .net/s "in1_real", 15 0, o0000016852775478;  0 drivers
o00000168527754a8 .functor BUFZ 16, C4<zzzzzzzzzzzzzzzz>; HiZ drive
v00000168527c75a0_0 .net/s "in2_imag", 15 0, o00000168527754a8;  0 drivers
o00000168527754d8 .functor BUFZ 16, C4<zzzzzzzzzzzzzzzz>; HiZ drive
v00000168527c6920_0 .net/s "in2_real", 15 0, o00000168527754d8;  0 drivers
o0000016852775508 .functor BUFZ 16, C4<zzzzzzzzzzzzzzzz>; HiZ drive
v00000168527c6a60_0 .net/s "in3_imag", 15 0, o0000016852775508;  0 drivers
o0000016852775538 .functor BUFZ 16, C4<zzzzzzzzzzzzzzzz>; HiZ drive
v00000168527c8550_0 .net/s "in3_real", 15 0, o0000016852775538;  0 drivers
o0000016852775568 .functor BUFZ 16, C4<zzzzzzzzzzzzzzzz>; HiZ drive
v00000168527c87d0_0 .net/s "in4_imag", 15 0, o0000016852775568;  0 drivers
o0000016852775598 .functor BUFZ 16, C4<zzzzzzzzzzzzzzzz>; HiZ drive
v00000168527c8ff0_0 .net/s "in4_real", 15 0, o0000016852775598;  0 drivers
o00000168527755c8 .functor BUFZ 16, C4<zzzzzzzzzzzzzzzz>; HiZ drive
v00000168527c8370_0 .net/s "in5_imag", 15 0, o00000168527755c8;  0 drivers
o00000168527755f8 .functor BUFZ 16, C4<zzzzzzzzzzzzzzzz>; HiZ drive
v00000168527c8c30_0 .net/s "in5_real", 15 0, o00000168527755f8;  0 drivers
o0000016852775628 .functor BUFZ 16, C4<zzzzzzzzzzzzzzzz>; HiZ drive
v00000168527c9950_0 .net/s "in6_imag", 15 0, o0000016852775628;  0 drivers
o0000016852775658 .functor BUFZ 16, C4<zzzzzzzzzzzzzzzz>; HiZ drive
v00000168527c9bd0_0 .net/s "in6_real", 15 0, o0000016852775658;  0 drivers
o0000016852775688 .functor BUFZ 16, C4<zzzzzzzzzzzzzzzz>; HiZ drive
v00000168527c9810_0 .net/s "in7_imag", 15 0, o0000016852775688;  0 drivers
o00000168527756b8 .functor BUFZ 16, C4<zzzzzzzzzzzzzzzz>; HiZ drive
v00000168527c8730_0 .net/s "in7_real", 15 0, o00000168527756b8;  0 drivers
v00000168527c8230_0 .net/s "out0_imag", 15 0, L_00000168527401b0;  1 drivers
v00000168527c8910_0 .net/s "out0_real", 15 0, L_0000016852740a00;  1 drivers
v00000168527c8050_0 .net/s "out1_imag", 15 0, L_0000016852740840;  1 drivers
v00000168527c94f0_0 .net/s "out1_real", 15 0, L_000001685273fc70;  1 drivers
v00000168527c8690_0 .net/s "out2_imag", 15 0, L_000001685273fd50;  1 drivers
v00000168527c98b0_0 .net/s "out2_real", 15 0, L_000001685273fce0;  1 drivers
v00000168527c8b90_0 .net/s "out3_imag", 15 0, L_00000168527408b0;  1 drivers
v00000168527c9630_0 .net/s "out3_real", 15 0, L_0000016852740610;  1 drivers
v00000168527c9770_0 .net/s "out4_imag", 15 0, L_000001685273fdc0;  1 drivers
v00000168527c89b0_0 .net/s "out4_real", 15 0, L_0000016852740220;  1 drivers
v00000168527c85f0_0 .net/s "out5_imag", 15 0, L_000001685273fea0;  1 drivers
v00000168527c8a50_0 .net/s "out5_real", 15 0, L_000001685273fe30;  1 drivers
v00000168527c8410_0 .net/s "out6_imag", 15 0, L_0000016852740370;  1 drivers
v00000168527c8870_0 .net/s "out6_real", 15 0, L_0000016852740680;  1 drivers
v00000168527c8af0_0 .net/s "out7_imag", 15 0, L_0000016852740920;  1 drivers
v00000168527c99f0_0 .net/s "out7_real", 15 0, L_00000168527403e0;  1 drivers
v00000168527c9b30_0 .var "ready", 0 0;
v00000168527c8cd0_0 .var "stage", 2 0;
o0000016852775a48 .functor BUFZ 1, C4<z>; HiZ drive
v00000168527c8d70_0 .net "start", 0 0, o0000016852775a48;  0 drivers
v00000168527c9450_0 .var/s "temp0", 15 0;
v00000168527c9590_0 .var/s "temp1", 15 0;
v00000168527c8e10_0 .var/s "temp2", 15 0;
v00000168527c96d0_0 .var/s "temp3", 15 0;
o0000016852775b38 .functor BUFZ 1, C4<z>; HiZ drive
v00000168527c9a90_0 .net "write", 0 0, o0000016852775b38;  0 drivers
E_0000016852769d40 .event anyedge, v00000168527c6290_0, v00000168527c6150_0, v00000168527c6510_0, v00000168527c63d0_0;
E_0000016852769400 .event posedge, v00000168527027d0_0;
    .scope S_0000016852702510;
T_0 ;
    %wait E_0000016852769400;
    %load/vec4 v0000016852702870_0;
    %inv;
    %flag_set/vec4 8;
    %jmp/0xz  T_0.0, 8;
    %pushi/vec4 0, 0, 1;
    %assign/vec4 v00000168527c9b30_0, 0;
    %pushi/vec4 0, 0, 3;
    %assign/vec4 v00000168527c8cd0_0, 0;
    %pushi/vec4 0, 0, 16;
    %ix/load 3, 0, 0;
    %flag_set/imm 4, 0;
    %ix/load 4, 0, 0; Constant delay
    %assign/vec4/a/d v00000168527c7140, 0, 4;
    %pushi/vec4 0, 0, 16;
    %ix/load 3, 0, 0;
    %flag_set/imm 4, 0;
    %ix/load 4, 0, 0; Constant delay
    %assign/vec4/a/d v00000168527c7320, 0, 4;
    %pushi/vec4 0, 0, 16;
    %ix/load 3, 1, 0;
    %flag_set/imm 4, 0;
    %ix/load 4, 0, 0; Constant delay
    %assign/vec4/a/d v00000168527c7140, 0, 4;
    %pushi/vec4 0, 0, 16;
    %ix/load 3, 1, 0;
    %flag_set/imm 4, 0;
    %ix/load 4, 0, 0; Constant delay
    %assign/vec4/a/d v00000168527c7320, 0, 4;
    %pushi/vec4 0, 0, 16;
    %ix/load 3, 2, 0;
    %flag_set/imm 4, 0;
    %ix/load 4, 0, 0; Constant delay
    %assign/vec4/a/d v00000168527c7140, 0, 4;
    %pushi/vec4 0, 0, 16;
    %ix/load 3, 2, 0;
    %flag_set/imm 4, 0;
    %ix/load 4, 0, 0; Constant delay
    %assign/vec4/a/d v00000168527c7320, 0, 4;
    %pushi/vec4 0, 0, 16;
    %ix/load 3, 3, 0;
    %flag_set/imm 4, 0;
    %ix/load 4, 0, 0; Constant delay
    %assign/vec4/a/d v00000168527c7140, 0, 4;
    %pushi/vec4 0, 0, 16;
    %ix/load 3, 3, 0;
    %flag_set/imm 4, 0;
    %ix/load 4, 0, 0; Constant delay
    %assign/vec4/a/d v00000168527c7320, 0, 4;
    %pushi/vec4 0, 0, 16;
    %ix/load 3, 4, 0;
    %flag_set/imm 4, 0;
    %ix/load 4, 0, 0; Constant delay
    %assign/vec4/a/d v00000168527c7140, 0, 4;
    %pushi/vec4 0, 0, 16;
    %ix/load 3, 4, 0;
    %flag_set/imm 4, 0;
    %ix/load 4, 0, 0; Constant delay
    %assign/vec4/a/d v00000168527c7320, 0, 4;
    %pushi/vec4 0, 0, 16;
    %ix/load 3, 5, 0;
    %flag_set/imm 4, 0;
    %ix/load 4, 0, 0; Constant delay
    %assign/vec4/a/d v00000168527c7140, 0, 4;
    %pushi/vec4 0, 0, 16;
    %ix/load 3, 5, 0;
    %flag_set/imm 4, 0;
    %ix/load 4, 0, 0; Constant delay
    %assign/vec4/a/d v00000168527c7320, 0, 4;
    %pushi/vec4 0, 0, 16;
    %ix/load 3, 6, 0;
    %flag_set/imm 4, 0;
    %ix/load 4, 0, 0; Constant delay
    %assign/vec4/a/d v00000168527c7140, 0, 4;
    %pushi/vec4 0, 0, 16;
    %ix/load 3, 6, 0;
    %flag_set/imm 4, 0;
    %ix/load 4, 0, 0; Constant delay
    %assign/vec4/a/d v00000168527c7320, 0, 4;
    %pushi/vec4 0, 0, 16;
    %ix/load 3, 7, 0;
    %flag_set/imm 4, 0;
    %ix/load 4, 0, 0; Constant delay
    %assign/vec4/a/d v00000168527c7140, 0, 4;
    %pushi/vec4 0, 0, 16;
    %ix/load 3, 7, 0;
    %flag_set/imm 4, 0;
    %ix/load 4, 0, 0; Constant delay
    %assign/vec4/a/d v00000168527c7320, 0, 4;
    %jmp T_0.1;
T_0.0 ;
    %load/vec4 v00000168527c8d70_0;
    %flag_set/vec4 8;
    %jmp/0xz  T_0.2, 8;
    %load/vec4 v00000168527c8cd0_0;
    %dup/vec4;
    %pushi/vec4 0, 0, 3;
    %cmp/u;
    %jmp/1 T_0.4, 6;
    %dup/vec4;
    %pushi/vec4 1, 0, 3;
    %cmp/u;
    %jmp/1 T_0.5, 6;
    %dup/vec4;
    %pushi/vec4 2, 0, 3;
    %cmp/u;
    %jmp/1 T_0.6, 6;
    %dup/vec4;
    %pushi/vec4 3, 0, 3;
    %cmp/u;
    %jmp/1 T_0.7, 6;
    %dup/vec4;
    %pushi/vec4 4, 0, 3;
    %cmp/u;
    %jmp/1 T_0.8, 6;
    %jmp T_0.9;
T_0.4 ;
    %load/vec4 v00000168527c6ba0_0;
    %load/vec4 v00000168527c6e20_0;
    %add;
    %ix/load 3, 0, 0;
    %flag_set/imm 4, 0;
    %ix/load 4, 0, 0; Constant delay
    %assign/vec4/a/d v00000168527c60b0, 0, 4;
    %load/vec4 v00000168527c6d80_0;
    %load/vec4 v00000168527c6f60_0;
    %add;
    %ix/load 3, 0, 0;
    %flag_set/imm 4, 0;
    %ix/load 4, 0, 0; Constant delay
    %assign/vec4/a/d v00000168527c6010, 0, 4;
    %load/vec4 v00000168527c6ba0_0;
    %load/vec4 v00000168527c6e20_0;
    %sub;
    %ix/load 3, 1, 0;
    %flag_set/imm 4, 0;
    %ix/load 4, 0, 0; Constant delay
    %assign/vec4/a/d v00000168527c60b0, 0, 4;
    %load/vec4 v00000168527c6d80_0;
    %load/vec4 v00000168527c6f60_0;
    %sub;
    %ix/load 3, 1, 0;
    %flag_set/imm 4, 0;
    %ix/load 4, 0, 0; Constant delay
    %assign/vec4/a/d v00000168527c6010, 0, 4;
    %load/vec4 v00000168527c6880_0;
    %load/vec4 v00000168527c6ec0_0;
    %add;
    %ix/load 3, 2, 0;
    %flag_set/imm 4, 0;
    %ix/load 4, 0, 0; Constant delay
    %assign/vec4/a/d v00000168527c60b0, 0, 4;
    %load/vec4 v00000168527c7000_0;
    %load/vec4 v00000168527c69c0_0;
    %add;
    %ix/load 3, 2, 0;
    %flag_set/imm 4, 0;
    %ix/load 4, 0, 0; Constant delay
    %assign/vec4/a/d v00000168527c6010, 0, 4;
    %load/vec4 v00000168527c6880_0;
    %load/vec4 v00000168527c6ec0_0;
    %sub;
    %ix/load 3, 3, 0;
    %flag_set/imm 4, 0;
    %ix/load 4, 0, 0; Constant delay
    %assign/vec4/a/d v00000168527c60b0, 0, 4;
    %load/vec4 v00000168527c7000_0;
    %load/vec4 v00000168527c69c0_0;
    %sub;
    %ix/load 3, 3, 0;
    %flag_set/imm 4, 0;
    %ix/load 4, 0, 0; Constant delay
    %assign/vec4/a/d v00000168527c6010, 0, 4;
    %load/vec4 v00000168527c76e0_0;
    %load/vec4 v00000168527c7280_0;
    %add;
    %ix/load 3, 4, 0;
    %flag_set/imm 4, 0;
    %ix/load 4, 0, 0; Constant delay
    %assign/vec4/a/d v00000168527c60b0, 0, 4;
    %load/vec4 v00000168527c6c40_0;
    %load/vec4 v00000168527c70a0_0;
    %add;
    %ix/load 3, 4, 0;
    %flag_set/imm 4, 0;
    %ix/load 4, 0, 0; Constant delay
    %assign/vec4/a/d v00000168527c6010, 0, 4;
    %load/vec4 v00000168527c76e0_0;
    %load/vec4 v00000168527c7280_0;
    %sub;
    %ix/load 3, 5, 0;
    %flag_set/imm 4, 0;
    %ix/load 4, 0, 0; Constant delay
    %assign/vec4/a/d v00000168527c60b0, 0, 4;
    %load/vec4 v00000168527c6c40_0;
    %load/vec4 v00000168527c70a0_0;
    %sub;
    %ix/load 3, 5, 0;
    %flag_set/imm 4, 0;
    %ix/load 4, 0, 0; Constant delay
    %assign/vec4/a/d v00000168527c6010, 0, 4;
    %load/vec4 v00000168527c7460_0;
    %load/vec4 v00000168527c7640_0;
    %add;
    %ix/load 3, 6, 0;
    %flag_set/imm 4, 0;
    %ix/load 4, 0, 0; Constant delay
    %assign/vec4/a/d v00000168527c60b0, 0, 4;
    %load/vec4 v00000168527c6b00_0;
    %load/vec4 v00000168527c6ce0_0;
    %add;
    %ix/load 3, 6, 0;
    %flag_set/imm 4, 0;
    %ix/load 4, 0, 0; Constant delay
    %assign/vec4/a/d v00000168527c6010, 0, 4;
    %load/vec4 v00000168527c7460_0;
    %load/vec4 v00000168527c7640_0;
    %sub;
    %ix/load 3, 7, 0;
    %flag_set/imm 4, 0;
    %ix/load 4, 0, 0; Constant delay
    %assign/vec4/a/d v00000168527c60b0, 0, 4;
    %load/vec4 v00000168527c6b00_0;
    %load/vec4 v00000168527c6ce0_0;
    %sub;
    %ix/load 3, 7, 0;
    %flag_set/imm 4, 0;
    %ix/load 4, 0, 0; Constant delay
    %assign/vec4/a/d v00000168527c6010, 0, 4;
    %jmp T_0.9;
T_0.5 ;
    %ix/load 4, 0, 0;
    %flag_set/imm 4, 0;
    %load/vec4a v00000168527c60b0, 4;
    %ix/load 4, 2, 0;
    %flag_set/imm 4, 0;
    %load/vec4a v00000168527c60b0, 4;
    %add;
    %ix/load 3, 0, 0;
    %flag_set/imm 4, 0;
    %ix/load 4, 0, 0; Constant delay
    %assign/vec4/a/d v00000168527c66f0, 0, 4;
    %ix/load 4, 0, 0;
    %flag_set/imm 4, 0;
    %load/vec4a v00000168527c6010, 4;
    %ix/load 4, 2, 0;
    %flag_set/imm 4, 0;
    %load/vec4a v00000168527c6010, 4;
    %add;
    %ix/load 3, 0, 0;
    %flag_set/imm 4, 0;
    %ix/load 4, 0, 0; Constant delay
    %assign/vec4/a/d v00000168527c6650, 0, 4;
    %ix/load 4, 1, 0;
    %flag_set/imm 4, 0;
    %load/vec4a v00000168527c60b0, 4;
    %ix/load 4, 3, 0;
    %flag_set/imm 4, 0;
    %load/vec4a v00000168527c6010, 4;
    %add;
    %ix/load 3, 1, 0;
    %flag_set/imm 4, 0;
    %ix/load 4, 0, 0; Constant delay
    %assign/vec4/a/d v00000168527c66f0, 0, 4;
    %ix/load 4, 1, 0;
    %flag_set/imm 4, 0;
    %load/vec4a v00000168527c6010, 4;
    %ix/load 4, 3, 0;
    %flag_set/imm 4, 0;
    %load/vec4a v00000168527c60b0, 4;
    %sub;
    %ix/load 3, 1, 0;
    %flag_set/imm 4, 0;
    %ix/load 4, 0, 0; Constant delay
    %assign/vec4/a/d v00000168527c6650, 0, 4;
    %ix/load 4, 0, 0;
    %flag_set/imm 4, 0;
    %load/vec4a v00000168527c60b0, 4;
    %ix/load 4, 2, 0;
    %flag_set/imm 4, 0;
    %load/vec4a v00000168527c60b0, 4;
    %sub;
    %ix/load 3, 2, 0;
    %flag_set/imm 4, 0;
    %ix/load 4, 0, 0; Constant delay
    %assign/vec4/a/d v00000168527c66f0, 0, 4;
    %ix/load 4, 0, 0;
    %flag_set/imm 4, 0;
    %load/vec4a v00000168527c6010, 4;
    %ix/load 4, 2, 0;
    %flag_set/imm 4, 0;
    %load/vec4a v00000168527c6010, 4;
    %sub;
    %ix/load 3, 2, 0;
    %flag_set/imm 4, 0;
    %ix/load 4, 0, 0; Constant delay
    %assign/vec4/a/d v00000168527c6650, 0, 4;
    %ix/load 4, 1, 0;
    %flag_set/imm 4, 0;
    %load/vec4a v00000168527c60b0, 4;
    %ix/load 4, 3, 0;
    %flag_set/imm 4, 0;
    %load/vec4a v00000168527c6010, 4;
    %sub;
    %ix/load 3, 3, 0;
    %flag_set/imm 4, 0;
    %ix/load 4, 0, 0; Constant delay
    %assign/vec4/a/d v00000168527c66f0, 0, 4;
    %ix/load 4, 1, 0;
    %flag_set/imm 4, 0;
    %load/vec4a v00000168527c6010, 4;
    %ix/load 4, 3, 0;
    %flag_set/imm 4, 0;
    %load/vec4a v00000168527c60b0, 4;
    %add;
    %ix/load 3, 3, 0;
    %flag_set/imm 4, 0;
    %ix/load 4, 0, 0; Constant delay
    %assign/vec4/a/d v00000168527c6650, 0, 4;
    %ix/load 4, 4, 0;
    %flag_set/imm 4, 0;
    %load/vec4a v00000168527c60b0, 4;
    %ix/load 4, 6, 0;
    %flag_set/imm 4, 0;
    %load/vec4a v00000168527c60b0, 4;
    %add;
    %ix/load 3, 4, 0;
    %flag_set/imm 4, 0;
    %ix/load 4, 0, 0; Constant delay
    %assign/vec4/a/d v00000168527c66f0, 0, 4;
    %ix/load 4, 4, 0;
    %flag_set/imm 4, 0;
    %load/vec4a v00000168527c6010, 4;
    %ix/load 4, 6, 0;
    %flag_set/imm 4, 0;
    %load/vec4a v00000168527c6010, 4;
    %add;
    %ix/load 3, 4, 0;
    %flag_set/imm 4, 0;
    %ix/load 4, 0, 0; Constant delay
    %assign/vec4/a/d v00000168527c6650, 0, 4;
    %ix/load 4, 5, 0;
    %flag_set/imm 4, 0;
    %load/vec4a v00000168527c60b0, 4;
    %ix/load 4, 7, 0;
    %flag_set/imm 4, 0;
    %load/vec4a v00000168527c6010, 4;
    %add;
    %ix/load 3, 5, 0;
    %flag_set/imm 4, 0;
    %ix/load 4, 0, 0; Constant delay
    %assign/vec4/a/d v00000168527c66f0, 0, 4;
    %ix/load 4, 5, 0;
    %flag_set/imm 4, 0;
    %load/vec4a v00000168527c6010, 4;
    %ix/load 4, 7, 0;
    %flag_set/imm 4, 0;
    %load/vec4a v00000168527c60b0, 4;
    %sub;
    %ix/load 3, 5, 0;
    %flag_set/imm 4, 0;
    %ix/load 4, 0, 0; Constant delay
    %assign/vec4/a/d v00000168527c6650, 0, 4;
    %ix/load 4, 4, 0;
    %flag_set/imm 4, 0;
    %load/vec4a v00000168527c60b0, 4;
    %ix/load 4, 6, 0;
    %flag_set/imm 4, 0;
    %load/vec4a v00000168527c60b0, 4;
    %sub;
    %ix/load 3, 6, 0;
    %flag_set/imm 4, 0;
    %ix/load 4, 0, 0; Constant delay
    %assign/vec4/a/d v00000168527c66f0, 0, 4;
    %ix/load 4, 4, 0;
    %flag_set/imm 4, 0;
    %load/vec4a v00000168527c6010, 4;
    %ix/load 4, 6, 0;
    %flag_set/imm 4, 0;
    %load/vec4a v00000168527c6010, 4;
    %sub;
    %ix/load 3, 6, 0;
    %flag_set/imm 4, 0;
    %ix/load 4, 0, 0; Constant delay
    %assign/vec4/a/d v00000168527c6650, 0, 4;
    %ix/load 4, 5, 0;
    %flag_set/imm 4, 0;
    %load/vec4a v00000168527c60b0, 4;
    %ix/load 4, 7, 0;
    %flag_set/imm 4, 0;
    %load/vec4a v00000168527c6010, 4;
    %sub;
    %ix/load 3, 7, 0;
    %flag_set/imm 4, 0;
    %ix/load 4, 0, 0; Constant delay
    %assign/vec4/a/d v00000168527c66f0, 0, 4;
    %ix/load 4, 5, 0;
    %flag_set/imm 4, 0;
    %load/vec4a v00000168527c6010, 4;
    %ix/load 4, 7, 0;
    %flag_set/imm 4, 0;
    %load/vec4a v00000168527c60b0, 4;
    %add;
    %ix/load 3, 7, 0;
    %flag_set/imm 4, 0;
    %ix/load 4, 0, 0; Constant delay
    %assign/vec4/a/d v00000168527c6650, 0, 4;
    %jmp T_0.9;
T_0.6 ;
    %ix/load 4, 5, 0;
    %flag_set/imm 4, 0;
    %load/vec4a v00000168527c66f0, 4;
    %ix/load 4, 5, 0;
    %flag_set/imm 4, 0;
    %load/vec4a v00000168527c6650, 4;
    %add;
    %assign/vec4 v00000168527c9450_0, 0;
    %ix/load 4, 5, 0;
    %flag_set/imm 4, 0;
    %load/vec4a v00000168527c6650, 4;
    %ix/load 4, 5, 0;
    %flag_set/imm 4, 0;
    %load/vec4a v00000168527c66f0, 4;
    %sub;
    %assign/vec4 v00000168527c9590_0, 0;
    %ix/load 4, 7, 0;
    %flag_set/imm 4, 0;
    %load/vec4a v00000168527c6650, 4;
    %ix/load 4, 7, 0;
    %flag_set/imm 4, 0;
    %load/vec4a v00000168527c66f0, 4;
    %sub;
    %assign/vec4 v00000168527c8e10_0, 0;
    %ix/load 4, 7, 0;
    %flag_set/imm 4, 0;
    %load/vec4a v00000168527c6650, 4;
    %ix/load 4, 7, 0;
    %flag_set/imm 4, 0;
    %load/vec4a v00000168527c66f0, 4;
    %add;
    %inv;
    %pushi/vec4 1, 0, 16;
    %add;
    %assign/vec4 v00000168527c96d0_0, 0;
    %jmp T_0.9;
T_0.7 ;
    %load/vec4 v00000168527c9450_0;
    %pad/u 32;
    %muli 180, 0, 32;
    %assign/vec4 v00000168527c6290_0, 0;
    %load/vec4 v00000168527c9590_0;
    %pad/u 32;
    %muli 180, 0, 32;
    %assign/vec4 v00000168527c6150_0, 0;
    %load/vec4 v00000168527c8e10_0;
    %pad/u 32;
    %muli 180, 0, 32;
    %assign/vec4 v00000168527c6510_0, 0;
    %load/vec4 v00000168527c96d0_0;
    %pad/u 32;
    %muli 180, 0, 32;
    %assign/vec4 v00000168527c63d0_0, 0;
    %jmp T_0.9;
T_0.8 ;
    %ix/load 4, 0, 0;
    %flag_set/imm 4, 0;
    %load/vec4a v00000168527c66f0, 4;
    %ix/load 4, 4, 0;
    %flag_set/imm 4, 0;
    %load/vec4a v00000168527c66f0, 4;
    %add;
    %ix/load 3, 0, 0;
    %flag_set/imm 4, 0;
    %ix/load 4, 0, 0; Constant delay
    %assign/vec4/a/d v00000168527c7140, 0, 4;
    %ix/load 4, 0, 0;
    %flag_set/imm 4, 0;
    %load/vec4a v00000168527c6650, 4;
    %ix/load 4, 4, 0;
    %flag_set/imm 4, 0;
    %load/vec4a v00000168527c6650, 4;
    %add;
    %ix/load 3, 0, 0;
    %flag_set/imm 4, 0;
    %ix/load 4, 0, 0; Constant delay
    %assign/vec4/a/d v00000168527c7320, 0, 4;
    %ix/load 4, 1, 0;
    %flag_set/imm 4, 0;
    %load/vec4a v00000168527c66f0, 4;
    %load/vec4 v00000168527c6330_0;
    %add;
    %ix/load 3, 1, 0;
    %flag_set/imm 4, 0;
    %ix/load 4, 0, 0; Constant delay
    %assign/vec4/a/d v00000168527c7140, 0, 4;
    %ix/load 4, 1, 0;
    %flag_set/imm 4, 0;
    %load/vec4a v00000168527c6650, 4;
    %load/vec4 v00000168527c61f0_0;
    %add;
    %ix/load 3, 1, 0;
    %flag_set/imm 4, 0;
    %ix/load 4, 0, 0; Constant delay
    %assign/vec4/a/d v00000168527c7320, 0, 4;
    %ix/load 4, 2, 0;
    %flag_set/imm 4, 0;
    %load/vec4a v00000168527c66f0, 4;
    %ix/load 4, 6, 0;
    %flag_set/imm 4, 0;
    %load/vec4a v00000168527c6650, 4;
    %add;
    %ix/load 3, 2, 0;
    %flag_set/imm 4, 0;
    %ix/load 4, 0, 0; Constant delay
    %assign/vec4/a/d v00000168527c7140, 0, 4;
    %ix/load 4, 2, 0;
    %flag_set/imm 4, 0;
    %load/vec4a v00000168527c6650, 4;
    %ix/load 4, 6, 0;
    %flag_set/imm 4, 0;
    %load/vec4a v00000168527c66f0, 4;
    %sub;
    %ix/load 3, 2, 0;
    %flag_set/imm 4, 0;
    %ix/load 4, 0, 0; Constant delay
    %assign/vec4/a/d v00000168527c7320, 0, 4;
    %ix/load 4, 3, 0;
    %flag_set/imm 4, 0;
    %load/vec4a v00000168527c66f0, 4;
    %load/vec4 v00000168527c65b0_0;
    %add;
    %ix/load 3, 3, 0;
    %flag_set/imm 4, 0;
    %ix/load 4, 0, 0; Constant delay
    %assign/vec4/a/d v00000168527c7140, 0, 4;
    %ix/load 4, 3, 0;
    %flag_set/imm 4, 0;
    %load/vec4a v00000168527c6650, 4;
    %load/vec4 v00000168527c6470_0;
    %add;
    %ix/load 3, 3, 0;
    %flag_set/imm 4, 0;
    %ix/load 4, 0, 0; Constant delay
    %assign/vec4/a/d v00000168527c7320, 0, 4;
    %ix/load 4, 0, 0;
    %flag_set/imm 4, 0;
    %load/vec4a v00000168527c66f0, 4;
    %ix/load 4, 4, 0;
    %flag_set/imm 4, 0;
    %load/vec4a v00000168527c66f0, 4;
    %sub;
    %ix/load 3, 4, 0;
    %flag_set/imm 4, 0;
    %ix/load 4, 0, 0; Constant delay
    %assign/vec4/a/d v00000168527c7140, 0, 4;
    %ix/load 4, 0, 0;
    %flag_set/imm 4, 0;
    %load/vec4a v00000168527c6650, 4;
    %ix/load 4, 4, 0;
    %flag_set/imm 4, 0;
    %load/vec4a v00000168527c6650, 4;
    %sub;
    %ix/load 3, 4, 0;
    %flag_set/imm 4, 0;
    %ix/load 4, 0, 0; Constant delay
    %assign/vec4/a/d v00000168527c7320, 0, 4;
    %ix/load 4, 1, 0;
    %flag_set/imm 4, 0;
    %load/vec4a v00000168527c66f0, 4;
    %load/vec4 v00000168527c6330_0;
    %sub;
    %ix/load 3, 5, 0;
    %flag_set/imm 4, 0;
    %ix/load 4, 0, 0; Constant delay
    %assign/vec4/a/d v00000168527c7140, 0, 4;
    %ix/load 4, 1, 0;
    %flag_set/imm 4, 0;
    %load/vec4a v00000168527c6650, 4;
    %load/vec4 v00000168527c61f0_0;
    %sub;
    %ix/load 3, 5, 0;
    %flag_set/imm 4, 0;
    %ix/load 4, 0, 0; Constant delay
    %assign/vec4/a/d v00000168527c7320, 0, 4;
    %ix/load 4, 2, 0;
    %flag_set/imm 4, 0;
    %load/vec4a v00000168527c66f0, 4;
    %ix/load 4, 6, 0;
    %flag_set/imm 4, 0;
    %load/vec4a v00000168527c6650, 4;
    %sub;
    %ix/load 3, 6, 0;
    %flag_set/imm 4, 0;
    %ix/load 4, 0, 0; Constant delay
    %assign/vec4/a/d v00000168527c7140, 0, 4;
    %ix/load 4, 2, 0;
    %flag_set/imm 4, 0;
    %load/vec4a v00000168527c6650, 4;
    %ix/load 4, 6, 0;
    %flag_set/imm 4, 0;
    %load/vec4a v00000168527c66f0, 4;
    %add;
    %ix/load 3, 6, 0;
    %flag_set/imm 4, 0;
    %ix/load 4, 0, 0; Constant delay
    %assign/vec4/a/d v00000168527c7320, 0, 4;
    %ix/load 4, 3, 0;
    %flag_set/imm 4, 0;
    %load/vec4a v00000168527c66f0, 4;
    %load/vec4 v00000168527c65b0_0;
    %sub;
    %ix/load 3, 7, 0;
    %flag_set/imm 4, 0;
    %ix/load 4, 0, 0; Constant delay
    %assign/vec4/a/d v00000168527c7140, 0, 4;
    %ix/load 4, 3, 0;
    %flag_set/imm 4, 0;
    %load/vec4a v00000168527c6650, 4;
    %load/vec4 v00000168527c6470_0;
    %sub;
    %ix/load 3, 7, 0;
    %flag_set/imm 4, 0;
    %ix/load 4, 0, 0; Constant delay
    %assign/vec4/a/d v00000168527c7320, 0, 4;
    %pushi/vec4 1, 0, 1;
    %assign/vec4 v00000168527c9b30_0, 0;
    %jmp T_0.9;
T_0.9 ;
    %pop/vec4 1;
    %load/vec4 v00000168527c8cd0_0;
    %addi 1, 0, 3;
    %assign/vec4 v00000168527c8cd0_0, 0;
    %jmp T_0.3;
T_0.2 ;
    %load/vec4 v00000168527c9a90_0;
    %flag_set/vec4 8;
    %jmp/0xz  T_0.10, 8;
    %load/vec4 v00000168527c71e0_0;
    %assign/vec4 v00000168527c6ba0_0, 0;
    %load/vec4 v00000168527c67e0_0;
    %assign/vec4 v00000168527c6d80_0, 0;
    %load/vec4 v00000168527c7500_0;
    %assign/vec4 v00000168527c76e0_0, 0;
    %load/vec4 v00000168527c73c0_0;
    %assign/vec4 v00000168527c6c40_0, 0;
    %load/vec4 v00000168527c6920_0;
    %assign/vec4 v00000168527c6880_0, 0;
    %load/vec4 v00000168527c75a0_0;
    %assign/vec4 v00000168527c7000_0, 0;
    %load/vec4 v00000168527c8550_0;
    %assign/vec4 v00000168527c7460_0, 0;
    %load/vec4 v00000168527c6a60_0;
    %assign/vec4 v00000168527c6b00_0, 0;
    %load/vec4 v00000168527c8ff0_0;
    %assign/vec4 v00000168527c6e20_0, 0;
    %load/vec4 v00000168527c87d0_0;
    %assign/vec4 v00000168527c6f60_0, 0;
    %load/vec4 v00000168527c8c30_0;
    %assign/vec4 v00000168527c7280_0, 0;
    %load/vec4 v00000168527c8370_0;
    %assign/vec4 v00000168527c70a0_0, 0;
    %load/vec4 v00000168527c9bd0_0;
    %assign/vec4 v00000168527c6ec0_0, 0;
    %load/vec4 v00000168527c9950_0;
    %assign/vec4 v00000168527c69c0_0, 0;
    %load/vec4 v00000168527c8730_0;
    %assign/vec4 v00000168527c7640_0, 0;
    %load/vec4 v00000168527c9810_0;
    %assign/vec4 v00000168527c6ce0_0, 0;
T_0.10 ;
    %pushi/vec4 0, 0, 1;
    %assign/vec4 v00000168527c9b30_0, 0;
T_0.3 ;
T_0.1 ;
    %jmp T_0;
    .thread T_0;
    .scope S_0000016852702510;
T_1 ;
    %wait E_0000016852769d40;
    %load/vec4 v00000168527c6290_0;
    %parti/s 16, 8, 5;
    %assign/vec4 v00000168527c6330_0, 0;
    %load/vec4 v00000168527c6150_0;
    %parti/s 16, 8, 5;
    %assign/vec4 v00000168527c61f0_0, 0;
    %load/vec4 v00000168527c6510_0;
    %parti/s 16, 8, 5;
    %assign/vec4 v00000168527c65b0_0, 0;
    %load/vec4 v00000168527c63d0_0;
    %parti/s 16, 8, 5;
    %assign/vec4 v00000168527c6470_0, 0;
    %jmp T_1;
    .thread T_1, $push;
# The file index is used to find the file name in the following table.
:file_names 3;
    "N/A";
    "<interactive>";
    "fft.v";
